# JRE version: Java(TM) SE Runtime Environment (11.0.6+8) (build 11.0.6+8-LTS)
# Java VM: Java HotSpot(TM) 64-Bit Server VM (11.0.6+8-LTS, mixed mode, tiered, compressed oops, g1 gc, windows-amd64)
Heap:
 garbage-first heap   total 12288K, used 3941K [0x00000000c1c00000, 0x0000000100000000)
  region size 1024K, 1 young (1024K), 1 survivors (1024K)
 Metaspace       used 13837K, capacity 14176K, committed 14464K, reserved 1062912K
  class space    used 1489K, capacity 1584K, committed 1664K, reserved 1048576K
GC Heap History (10 events):
Event: 0.843 GC heap after
{Heap after GC invocations=5 (full 0):
 garbage-first heap   total 8192K, used 2611K [0x00000000c1c00000, 0x0000000100000000)
  region size 1024K, 1 young (1024K), 1 survivors (1024K)
 Metaspace       used 13239K, capacity 13524K, committed 13568K, reserved 1060864K
  class space    used 1431K, capacity 1516K, committed 1536K, reserved 1048576K
}
Event: 0.869 GC heap before
{Heap before GC invocations=5 (full 0):
 garbage-first heap   total 8192K, used 3635K [0x00000000c1c00000, 0x0000000100000000)
  region size 1024K, 2 young (2048K), 1 survivors (1024K)
 Metaspace       used 13310K, capacity 13615K, committed 13824K, reserved 1060864K
  class space    used 1438K, capacity 1525K, committed 1536K, reserved 1048576K
}
Event: 0.872 GC heap after
{Heap after GC invocations=6 (full 0):
 garbage-first heap   total 10240K, used 3135K [0x00000000c1c00000, 0x0000000100000000)
  region size 1024K, 1 young (1024K), 1 survivors (1024K)
 Metaspace       used 13310K, capacity 13615K, committed 13824K, reserved 1060864K
  class space    used 1438K, capacity 1525K, committed 1536K, reserved 1048576K
}
Event: 0.920 GC heap before
{Heap before GC invocations=6 (full 0):
 garbage-first heap   total 10240K, used 5183K [0x00000000c1c00000, 0x0000000100000000)
  region size 1024K, 3 young (3072K), 1 survivors (1024K)
 Metaspace       used 13456K, capacity 13809K, committed 13952K, reserved 1060864K
  class space    used 1456K, capacity 1569K, committed 1664K, reserved 1048576K
}
Event: 0.925 GC heap after
{Heap after GC invocations=7 (full 0):
 garbage-first heap   total 10240K, used 3446K [0x00000000c1c00000, 0x0000000100000000)
  region size 1024K, 1 young (1024K), 1 survivors (1024K)
 Metaspace       used 13456K, capacity 13809K, committed 13952K, reserved 1060864K
  class space    used 1456K, capacity 1569K, committed 1664K, reserved 1048576K
}
Event: 0.956 GC heap before
{Heap before GC invocations=7 (full 0):
 garbage-first heap   total 10240K, used 4470K [0x00000000c1c00000, 0x0000000100000000)
  region size 1024K, 2 young (2048K), 1 survivors (1024K)
 Metaspace       used 13498K, capacity 13873K, committed 14208K, reserved 1062912K
  class space    used 1456K, capacity 1569K, committed 1664K, reserved 1048576K
}
Event: 0.958 GC heap after
{Heap after GC invocations=8 (full 0):
 garbage-first heap   total 10240K, used 3518K [0x00000000c1c00000, 0x0000000100000000)
  region size 1024K, 1 young (1024K), 1 survivors (1024K)
 Metaspace       used 13498K, capacity 13873K, committed 14208K, reserved 1062912K
  class space    used 1456K, capacity 1569K, committed 1664K, reserved 1048576K
}
Event: 1.004 GC heap before
{Heap before GC invocations=8 (full 0):
 garbage-first heap   total 10240K, used 3518K [0x00000000c1c00000, 0x0000000100000000)
  region size 1024K, 2 young (2048K), 1 survivors (1024K)
 Metaspace       used 13683K, capacity 13969K, committed 14208K, reserved 1062912K
  class space    used 1472K, capacity 1579K, committed 1664K, reserved 1048576K
}
Event: 1.006 GC heap after
{Heap after GC invocations=9 (full 0):
 garbage-first heap   total 10240K, used 3756K [0x00000000c1c00000, 0x0000000100000000)
  region size 1024K, 1 young (1024K), 1 survivors (1024K)
 Metaspace       used 13683K, capacity 13969K, committed 14208K, reserved 1062912K
  class space    used 1472K, capacity 1579K, committed 1664K, reserved 1048576K
}
Event: 1.035 GC heap before
{Heap before GC invocations=9 (full 0):
 garbage-first heap   total 10240K, used 4780K [0x00000000c1c00000, 0x0000000100000000)
  region size 1024K, 2 young (2048K), 1 survivors (1024K)
 Metaspace       used 13837K, capacity 14176K, committed 14464K, reserved 1062912K
  class space    used 1489K, capacity 1584K, committed 1664K, reserved 1048576K
}

